*Info*    Exporting services from client ... 

*Info*    Client has finished starting ... 



*Info*    Configuring the session ...

	Library      = proj2
	Cell         = FOLDED
	View         = schematic
	Simulator    = spectre
	State Path   = $AXL_SETUPDB_DIR/test_states
	State Name   = proj2:FOLDED:1_none_Interactive.2
	Results DB   = /home/cadence/IC2_FOLDED/proj2/FOLDED/adexl/results/data/Interactive.2.rdb
	Results Dir  = /home/cadence/simulation/proj2/FOLDED/adexl/results/data/Interactive.2/1/proj2:FOLDED:1
	Results Loc  = /home/cadence/simulation/proj2/FOLDED/adexl/results/data
	Project Dir  = /home/cadence/simulation
	Setup DB loc = /home/cadence/IC2_FOLDED/proj2/FOLDED/adexl
	File Encoding = 0


*Info*    Spectre controlMode is set "batch".






*Info*    Run start for Point ID (2 1) on testbench [ proj2:FOLDED:1
          ].

Resetting statistical vars

*Info*    Setting parameter values ...

Setting var ISS = "134.000u"
Setting var L_in = "0.5u"
Setting var Ln_Cascode = "0.6u"
Setting var Ln_Mirror = "1u"
Setting var Lp_Cascode = "0.6u"
Setting var Lp_Mirror = "1u"
Setting var Vb1 = "2.52289"
Setting var Vb2 = "2.42156"
Setting var Vb3 = "0.863896"
Setting var W_in = "31.2044u"
Setting var Wn_Cascode = "20.27u"
Setting var Wn_Mirror = "11.579u"
Setting var Wp_Cascode = "52.3u"
Setting var Wp_Mirror = "108.34u"
Setting temp(T) = 27

*Info*    Netlist Directory =
          /home/cadence/simulation/proj2/FOLDED/adexl/results/data/Interactive.2/1/proj2:FOLDED:1/netlist


*Info*    Data Directory    =
          /home/cadence/simulation/proj2/FOLDED/adexl/results/data/Interactive.2/1/proj2:FOLDED:1


*Info*    Creating Netlist for Point ID (2 1)

generate netlist...
Begin Incremental Netlisting Apr 20 12:09:38 2025
End netlisting Apr 20 12:09:38 2025

Netlisting Statistics:
	Number of components:   20

	Elapsed time:          0.0s
Errors: 0	Warnings: 0
      ...successful.
compose simulator input file...
      ...successful.

*Info*    Running simulation on testbench [ proj2:FOLDED:1 ] for
          Point ID (2 1).

Delete psf data in /home/cadence/simulation/proj2/FOLDED/adexl/results/data/Interactive.2/1/proj2:FOLDED:1/psf.
compose simulator input file...
      ...successful.
start simulator if needed...
      ...successful.
simulate...
To view the simulator output, right-click on the test name, result 
name, or any value in the "Results" tab of the Outputs section and 
choose "Output Log" menu option.
INFO (ADE-3071): Simulation completed successfully.
reading simulation data...
      ...successful.
*Info*    Client has finished evaluating ... 


*Info*    Run complete for Point ID (2 1) on testbench [
          proj2:FOLDED:1 ].





Simulation design variables differ from those on the cellView,
they have been saved in the file "/tmp/saved-design-variables".
To save future changes, copy variables to cellView before exiting.
