*Info*    Exporting services from client ... 

*Info*    Client has finished starting ... 



*Info*    Configuring the session ...

	Library      = proj2
	Cell         = FOLDED
	View         = schematic
	Simulator    = spectre
	State Path   = $AXL_SETUPDB_DIR/test_states
	State Name   = proj2:FOLDED:1_none_Interactive.26
	Results DB   = /home/cadence/IC2_FOLDED/proj2/FOLDED/adexl/results/data/Interactive.26.rdb
	Results Dir  = /home/cadence/simulation/proj2/FOLDED/adexl/results/data/Interactive.26/1/proj2:FOLDED:1
	Results Loc  = /home/cadence/simulation/proj2/FOLDED/adexl/results/data
	Project Dir  = /home/cadence/simulation
	Setup DB loc = /home/cadence/IC2_FOLDED/proj2/FOLDED/adexl
	File Encoding = 0


*Info*    Spectre controlMode is set "batch".






*Info*    Run start for Point ID (23 1) on testbench [ proj2:FOLDED:1
          ].

Resetting statistical vars

*Info*    Setting parameter values ...

Setting var ISS = "134.000u"
Setting var L_in = "0.5u"
Setting var Ln_Cascode = "0.5u"
Setting var Ln_Mirror = "1u"
Setting var Lp_Cascode = "0.4u"
Setting var Lp_Mirror = "1u"
Setting var VICM = "1.65"
Setting var Vb1 = "2.52289"
Setting var Vb2 = "2.42156"
Setting var Vb3 = "0.863896"
Setting var W_in = "50u"
Setting var Wn_Cascode = "20.27u"
Setting var Wn_Mirror = "11.579u"
Setting var Wp_Cascode = "52.3u"
Setting var Wp_Mirror = "114u"
Setting temp(T) = 27

*Info*    Netlist Directory =
          /home/cadence/simulation/proj2/FOLDED/adexl/results/data/Interactive.26/1/proj2:FOLDED:1/netlist


*Info*    Data Directory    =
          /home/cadence/simulation/proj2/FOLDED/adexl/results/data/Interactive.26/1/proj2:FOLDED:1


*Info*    Creating Netlist for Point ID (23 1)

generate netlist...
Begin Incremental Netlisting Apr 23 18:16:19 2025
End netlisting Apr 23 18:16:19 2025

	The netlist is up to date.
	Time taken to compare the design with netlist:   0.0s
      ...successful.
compose simulator input file...
      ...successful.

*Info*    Running simulation on testbench [ proj2:FOLDED:1 ] for
          Point ID (23 1).

Delete psf data in /home/cadence/simulation/proj2/FOLDED/adexl/results/data/Interactive.26/1/proj2:FOLDED:1/psf.
compose simulator input file...
      ...successful.
start simulator if needed...
      ...successful.
simulate...
To view the simulator output, right-click on the test name, result 
name, or any value in the "Results" tab of the Outputs section and 
choose "Output Log" menu option.
INFO (ADE-3071): Simulation completed successfully.
reading simulation data...
      ...successful.
*Info*    Client has finished evaluating ... 

ERROR (ADEXL-2709): Evaluation of output 'GM' returned 'nil' for point:'1' test:'proj2:FOLDED:1'
	Expression:'gainMargin(v("/Vout" ?result "ac"))'.
Ensure that the definition of output is correct.

ERROR (ADEXL-2709): Evaluation of output 'slewRate(v("/Vout" ?result "ac") 0.25 nil 0.8 nil 10 90 nil "time")' returned 'nil' for point:'1' test:'proj2:FOLDED:1'
	Expression:'slewRate(v("/Vout" ?result "ac") 0.25 nil 0.8 nil 10 90 nil "time")'.
Ensure that the definition of output is correct.

ERROR (ADEXL-2708): Evaluation of output 'slewRate(v("/Vout" ?result "ac") 0.25 t 0.8 t 10 90 nil "time")' failed for point:'1' test:'proj2:FOLDED:1'
	Expression:'slewRate(v("/Vout" ?result "ac") 0.25 t 0.8 t 10 90 nil "time")'
	because of the following error(s)
	*Error* ilGetNumber: arg must be a number.
Ensure that the definition of output is correct.


*Info*    Run complete for Point ID (23 1) on testbench [
          proj2:FOLDED:1 ].





Simulation design variables differ from those on the cellView,
they have been saved in the file "/tmp/saved-design-variables".
To save future changes, copy variables to cellView before exiting.
