*Info*    Exporting services from client ... 

*Info*    Client has finished starting ... 



*Info*    Configuring the session ...

	Library      = proj2
	Cell         = CMOS_LUT_GMID
	View         = schematic
	Simulator    = spectre
	State Path   = $AXL_SETUPDB_DIR/test_states
	State Name   = proj2:CMOS_LUT_GMID:1_none_Interactive.7
	Results DB   = /home/cadence/IC2_FOLDED/proj2/CMOS_LUT_GMID/adexl/results/data/Interactive.7.rdb
	Results Dir  = /home/cadence/simulation/proj2/CMOS_LUT_GMID/adexl/results/data/Interactive.7/1/proj2:CMOS_LUT_GMID:1
	Results Loc  = /home/cadence/simulation/proj2/CMOS_LUT_GMID/adexl/results/data
	Project Dir  = /home/cadence/simulation
	Setup DB loc = /home/cadence/IC2_FOLDED/proj2/CMOS_LUT_GMID/adexl
	File Encoding = 0


*Info*    Spectre controlMode is set "batch".






*Info*    Run start for Point ID (0 1) on testbench [
          proj2:CMOS_LUT_GMID:1 ].

Resetting statistical vars

*Info*    Setting parameter values ...

Setting var L_n = "0.5u"
Setting var L_p = "0.4u"
Setting var Vd = "1.65"
Setting var Vdn = "1.7"
Setting var Vdp = "1.7"
Setting var Vg = "1"
Setting var Vgn = "1"
Setting var Vgp = "1"
Setting var W_n = "10u"
Setting var W_p = "10u"
Setting temp(T) = 27

*Info*    Netlist Directory =
          /home/cadence/simulation/proj2/CMOS_LUT_GMID/adexl/results/data/Interactive.7/1/proj2:CMOS_LUT_GMID:1/netlist


*Info*    Data Directory    =
          /home/cadence/simulation/proj2/CMOS_LUT_GMID/adexl/results/data/Interactive.7/1/proj2:CMOS_LUT_GMID:1


*Info*    Creating Netlist for Point ID (0 1)

generate netlist...
Begin Incremental Netlisting Apr 24 10:50:14 2025
End netlisting Apr 24 10:50:14 2025

	The netlist is up to date.
	Time taken to compare the design with netlist:   0.0s
      ...successful.
compose simulator input file...
      ...successful.

*Info*    Running simulation on testbench [ proj2:CMOS_LUT_GMID:1 ]
          for Point ID (0 1).

Delete psf data in /home/cadence/simulation/proj2/CMOS_LUT_GMID/adexl/results/data/Interactive.7/1/proj2:CMOS_LUT_GMID:1/psf.
compose simulator input file...
      ...successful.
start simulator if needed...
      ...successful.
simulate...
To view the simulator output, right-click on the test name, result 
name, or any value in the "Results" tab of the Outputs section and 
choose "Output Log" menu option.
INFO (ADE-3071): Simulation completed successfully.
reading simulation data...
      ...successful.
*Info*    Client has finished evaluating ... 


*Info*    Run complete for Point ID (0 1) on testbench [
          proj2:CMOS_LUT_GMID:1 ].





Simulation design variables differ from those on the cellView,
they have been saved in the file "/tmp/saved-design-variables".
To save future changes, copy variables to cellView before exiting.
