Starting Single Run, Sweeps and Corners...

Current time: Sun Apr 20 10:48:21 2025 
Best design point: 1
Design specs: 
	proj2:FOLDED:1	corner	Nominal - 
Design parameters: 
	ISS		134u
	L_in		500n
	Ln_Cascode		600n
	Ln_Mirror		1u
	Lp_Cascode		600n
	Lp_Mirror		1u
	Vb1		2.523
	Vb2		2.422
	Vb3		863.9m
	W_in		31.2u
	Wn_Cascode		20.27u
	Wn_Mirror		11.58u
	Wp_Cascode		52.3u
	Wp_Mirror		108.3u

Interactive.0
Number of points completed: 1
Number of simulation errors: 1
Interactive.0 completed. 
Current time: Sun Apr 20 10:48:22 2025 
