Starting Single Run, Sweeps and Corners...

Current time: Thu Apr 24 11:16:46 2025 
Best design point: 1
Design specs: 
	proj2:FOLDED:1	corner	Nominal - 
	GBW		8.658k	No
	BW		2.626
	Adc		4.38k
	Ao_dB		72.83	Yes
	PM		180	Yes
	GM		Error	No
	Fu		Error	No
	slewRate(v("/Vout" ?result "ac") 0.25 t 0.8 t 10 90 nil "time")		Error	No
	slewRate(v("/Vout" ?result "ac") 0.25 nil 0.8 nil 10 90 nil "time")		Error	No
Design parameters: 
	ISS		134u
	L_in		500n
	Ln_Cascode		500n
	Ln_Mirror		1u
	Lp_Cascode		400n
	Lp_Mirror		1u
	Vb1		2.5
	Vb2		1.4
	Vb3		1.2
	W_in		50u
	Wn_Cascode		20.27u
	Wn_Mirror		9u
	Wp_Cascode		52.3u
	Wp_Mirror		114u
	VICM		1.65

Interactive.69
Number of points completed: 1
Number of simulation errors: 4
Interactive.69 completed. 
Current time: Thu Apr 24 11:16:51 2025 
