Starting Single Run, Sweeps and Corners...

Current time: Thu Apr 24 11:14:20 2025 
Best design point: 1
Design specs: 
	proj2:FOLDED:1	corner	Nominal - 
	GBW		154.6	No
	BW		Error	No
	Adc		28.56m
	Ao_dB		-30.89	No
	PM		Error	No
	GM		Error	No
	Fu		Error	No
	slewRate(v("/Vout" ?result "ac") 0.25 t 0.8 t 10 90 nil "time")		Error	No
	slewRate(v("/Vout" ?result "ac") 0.25 nil 0.8 nil 10 90 nil "time")		Error	No
Design parameters: 
	ISS		134u
	L_in		500n
	Ln_Cascode		500n
	Ln_Mirror		1u
	Lp_Cascode		400n
	Lp_Mirror		1u
	Vb1		2.5
	Vb2		1.4
	Vb3		1.2
	W_in		50u
	Wn_Cascode		20.27u
	Wn_Mirror		9u
	Wp_Cascode		52.3u
	Wp_Mirror		114u
	VICM		1.65

Interactive.68
Number of points completed: 1
Number of simulation errors: 6
Interactive.68 completed. 
Current time: Thu Apr 24 11:14:33 2025 
